Change Component Designator: OldDesignator=C1 NewDesignator=C2
Change Component Designator: OldDesignator=C2 NewDesignator=C6
Change Component Designator: OldDesignator=C3 NewDesignator=C7
Change Component Designator: OldDesignator=C4 NewDesignator=C8
Change Component Designator: OldDesignator=C5 NewDesignator=C1
Change Component Designator: OldDesignator=C6 NewDesignator=C3
Change Component Designator: OldDesignator=C7 NewDesignator=C4
Change Component Designator: OldDesignator=C8 NewDesignator=C5
Change Component Designator: OldDesignator=S1 NewDesignator=S2
Change Component Designator: OldDesignator=S2 NewDesignator=S3
Change Component Designator: OldDesignator=S3 NewDesignator=S4
Change Component Designator: OldDesignator=S4 NewDesignator=S5
Change Component Designator: OldDesignator=S5 NewDesignator=S6
Change Component Designator: OldDesignator=U1 NewDesignator=U2
Change Component Designator: OldDesignator=U2 NewDesignator=U3
Change Component Designator: OldDesignator=U3 NewDesignator=U1
Added Component: Designator=C9(CAPACITOR 0603)
Added Component: Designator=R1(RESISTOR_PTH_9.5mm)
Added Component: Designator=R2(RESISTOR_PTH_9.5mm)
Added Component: Designator=S1(PUSH_BUTTON_6X6)
Add component (AddParameter): Name = "JLCPCB PN"; Value = "C255811"; VariantName = "[No Variations]"
Added Pin To Net: NetName=GND Pin=C9-1
Added Pin To Net: NetName=+5 Pin=R1-2
Added Pin To Net: NetName=GND Pin=R2-2
Added Pin To Net: NetName=GND Pin=S1-1
Added Pin To Net: NetName=GND Pin=S1-1
Added Pin To Net: NetName=GND Pin=S2-1
Added Pin To Net: NetName=GND Pin=S2-1
Added Pin To Net: NetName=GND Pin=S3-1
Added Pin To Net: NetName=GND Pin=S3-1
Added Pin To Net: NetName=GND Pin=S4-1
Added Pin To Net: NetName=GND Pin=S4-1
Added Pin To Net: NetName=GND Pin=S5-1
Added Pin To Net: NetName=GND Pin=S5-1
Added Pin To Net: NetName=GND Pin=S6-1
Added Pin To Net: NetName=GND Pin=S6-1
Change Net Name : Old Net Name=NetC5_2 New Net Name=NetC1_2
Change Net Name : Old Net Name=NetC6_2 New Net Name=NetC3_2
Change Net Name : Old Net Name=NetC7_2 New Net Name=NetC4_2
Change Net Name : Old Net Name=NetC8_2 New Net Name=NetC5_2
Added Pin To Net: NetName=Boot0 Pin=R2-1
Added Pin To Net: NetName=Boot0 Pin=U1-44
Added Net: Name=Boot0
Added Pin To Net: NetName=Button 1 Pin=S2-2
Added Pin To Net: NetName=Button 1 Pin=S2-2
Added Net: Name=Button 1
Added Pin To Net: NetName=Button 2 Pin=S3-2
Added Pin To Net: NetName=Button 2 Pin=S3-2
Added Net: Name=Button 2
Added Pin To Net: NetName=Button 3 Pin=S4-2
Added Pin To Net: NetName=Button 3 Pin=S4-2
Added Net: Name=Button 3
Added Pin To Net: NetName=Button 4 Pin=S5-2
Added Pin To Net: NetName=Button 4 Pin=S5-2
Added Net: Name=Button 4
Added Pin To Net: NetName=Button 5 Pin=S6-2
Added Pin To Net: NetName=Button 5 Pin=S6-2
Added Net: Name=Button 5
Added Pin To Net: NetName=Reset Pin=C9-2
Added Pin To Net: NetName=Reset Pin=R1-1
Added Pin To Net: NetName=Reset Pin=S1-2
Added Pin To Net: NetName=Reset Pin=S1-2
Added Pin To Net: NetName=Reset Pin=U1-7
Added Net: Name=Reset
Added Member To Class: ClassName=Nguyen_Ly Member=Component C2 CAPACITOR 0603
Added Member To Class: ClassName=Nguyen_Ly Member=Component C6 CAPACITOR 0603
Added Member To Class: ClassName=Nguyen_Ly Member=Component C7 CAPACITOR 0603
Added Member To Class: ClassName=Nguyen_Ly Member=Component C8 CAPACITOR 0603
Added Member To Class: ClassName=Nguyen_Ly Member=Component C9 CAPACITOR 0603
Added Member To Class: ClassName=Nguyen_Ly Member=Component J3 BORNE-5.00-2P
Added Member To Class: ClassName=Nguyen_Ly Member=Component R1 RESISTOR_9.5mm
Added Member To Class: ClassName=Nguyen_Ly Member=Component R2 RESISTOR_9.5mm
Added Member To Class: ClassName=Nguyen_Ly Member=Component S6 PUSH_BUTTON_6X6
Added Member To Class: ClassName=Nguyen_Ly Member=Component U3 AMS1117
