Change Component Footprint: Designator=C5 Old Footprint=CAPACITOR 0603 New Footprint=CAPACITOR 104
Change Component Footprint: Designator=C6 Old Footprint=CAPACITOR 0603 New Footprint=CAPACITOR 104
Change Component Footprint: Designator=C7 Old Footprint=CAPACITOR 0603 New Footprint=CAPACITOR 104
Change Component Comment : Designator=C5 Old Comment=CAPACITOR 0603 New Comment=CAPCITOR 104
Change Component Comment : Designator=C6 Old Comment=CAPACITOR 0603 New Comment=CAPCITOR 104
Change Component Comment : Designator=C7 Old Comment=CAPACITOR 0603 New Comment=CAPCITOR 104
Change Component Designator: OldDesignator=D? NewDesignator=D1
Change Component Designator: OldDesignator=D? NewDesignator=D2
Change Component Designator: OldDesignator=D? NewDesignator=D3
Change Component Designator: OldDesignator=R? NewDesignator=R3
Change Component Designator: OldDesignator=R? NewDesignator=R4
Change Component Designator: OldDesignator=R? NewDesignator=R5
Change Net Name : Old Net Name=NetD?_1 New Net Name=NetD1_1
Added Pin To Net: NetName=NetD2_1 Pin=D2-1
Added Pin To Net: NetName=NetD2_1 Pin=R4-2
Added Net: Name=NetD2_1
Added Pin To Net: NetName=NetD3_1 Pin=D3-1
Added Pin To Net: NetName=NetD3_1 Pin=R5-2
Added Net: Name=NetD3_1
Added Member To Class: ClassName=Nguyen_Ly Member=Component C4 CAPACITOR 0603
Added Member To Class: ClassName=Nguyen_Ly Member=Component C5 CAPCITOR 104
Added Member To Class: ClassName=Nguyen_Ly Member=Component C7 CAPCITOR 104
Added Member To Class: ClassName=Nguyen_Ly Member=Component C9 CAPACITOR 0603
Added Member To Class: ClassName=Nguyen_Ly Member=Component D1 LED_5mm_GREEN
Added Member To Class: ClassName=Nguyen_Ly Member=Component D3 LED_5mm_RED
Added Member To Class: ClassName=Nguyen_Ly Member=Component J2 HM-10
Added Member To Class: ClassName=Nguyen_Ly Member=Component R4 RESISTOR_9.5mm
Added Member To Class: ClassName=Nguyen_Ly Member=Component R5 RESISTOR_9.5mm
Added Member To Class: ClassName=Nguyen_Ly Member=Component U2 MODULE_LM2596
Added Member To Class: ClassName=Nguyen_Ly Member=Component U3 MODULE_LM2596
