Removed Member From Class: ClassName=Nguyen_Ly Member=C?
Removed Member From Class: ClassName=Nguyen_Ly Member=D?
Removed Member From Class: ClassName=Nguyen_Ly Member=IC?
Removed Member From Class: ClassName=Nguyen_Ly Member=R?
Change Component Footprint: Designator=U2 Old Footprint=HC-05 New Footprint=AMS1117
Change Component Comment : Designator=U2 Old Comment=HM-10 New Comment=AMS1117
Change Component Designator: OldDesignator=C1 NewDesignator=C5
Change Component Designator: OldDesignator=C2 NewDesignator=C6
Change Component Designator: OldDesignator=C3 NewDesignator=C7
Change Component Designator: OldDesignator=C4 NewDesignator=C8
Change Component Designator: OldDesignator=J1 NewDesignator=J2
Change Component Designator: OldDesignator=J2 NewDesignator=J3
Change Component Designator: OldDesignator=J3 NewDesignator=J1
Change Component Designator: OldDesignator=U1 NewDesignator=U3
Change component parameters: Designator = "U2" ("U2"); Footprint = "HC-05"; UniqueID = "\CIYSMOEQ" ("\CIYSMOEQ")
Change component parameters (AddParameter): Name = "ComponentLink1Description"; Value = "Datasheet"; VariantName = "[No Variations]"
Change component parameters (AddParameter): Name = "ComponentLink1URL"; Value = "http://www.advanced-monolithic.com/pdf/ds1117.pdf"; VariantName = "[No Variations]"
Change component parameters (AddParameter): Name = "Digikey PN"; Value = "4518-AMS1117-3.3CT-ND"; VariantName = "[No Variations]"
Change component parameters (AddParameter): Name = "JLCPCB PN"; Value = "C963410"; VariantName = "[No Variations]"
Added Component: Designator=C1(CAPACITOR 0603)
Added Component: Designator=C2(CAPACITOR 0603)
Added Component: Designator=C3(CAPACITOR 0603)
Added Component: Designator=C4(CAPACITOR 0603)
Added Component: Designator=U1(MODULE_LM2596)
Add component (AddParameter): Name = "ComponentLink1Description"; Value = "Datasheet"; VariantName = "[No Variations]"
Add component (AddParameter): Name = "ComponentLink1URL"; Value = "https://www.ti.com/lit/ds/symlink/lm2596.pdf"; VariantName = "[No Variations]"
Added Pin To Net: NetName=GND Pin=C1-1
Added Pin To Net: NetName=GND Pin=C2-1
Added Pin To Net: NetName=GND Pin=C3-1
Added Pin To Net: NetName=3.3V Pin=C3-2
Added Pin To Net: NetName=GND Pin=C4-1
Added Pin To Net: NetName=3.3V Pin=C4-2
Added Pin To Net: NetName=GND Pin=U1-1
Added Pin To Net: NetName=GND Pin=U2-1
Added Pin To Net: NetName=3.3V Pin=U2-2
Added Pin To Net: NetName=3.3V Pin=U2-2
Change Net Name : Old Net Name=NetC1_2 New Net Name=NetC5_2
Change Net Name : Old Net Name=NetC2_2 New Net Name=NetC6_2
Change Net Name : Old Net Name=NetC3_2 New Net Name=NetC7_2
Change Net Name : Old Net Name=NetC4_2 New Net Name=NetC8_2
Added Pin To Net: NetName=+5 Pin=C1-2
Added Pin To Net: NetName=+5 Pin=C2-2
Added Pin To Net: NetName=+5 Pin=U1-2
Added Pin To Net: NetName=+5 Pin=U2-3
Added Net: Name=+5
Added Pin To Net: NetName=+12 Pin=J1-1
Added Pin To Net: NetName=+12 Pin=U1-3
Added Net: Name=+12
Added Pin To Net: NetName=NetJ1_2 Pin=J1-2
Added Pin To Net: NetName=NetJ1_2 Pin=J1-3
Added Pin To Net: NetName=NetJ1_2 Pin=U1-4
Added Net: Name=NetJ1_2
Added Member To Class: ClassName=Nguyen_Ly Member=Component C5 CAPACITOR 0603
Added Member To Class: ClassName=Nguyen_Ly Member=Component C6 CAPACITOR 0603
Added Member To Class: ClassName=Nguyen_Ly Member=Component C7 CAPACITOR 0603
Added Member To Class: ClassName=Nguyen_Ly Member=Component C8 CAPACITOR 0603
Added Member To Class: ClassName=Nguyen_Ly Member=Component U3 STM32F103C8T6
Added Rule: Name=Schematic Supply Nets_2
Added Rule: Name=Schematic Supply Nets_3
