Removed Pin From Net: NetName=+12 Pin=J1-1
Removed Pin From Net: NetName=+5 Pin=R1-2
Change Component Designator: OldDesignator=C2 NewDesignator=C7
Change Component Designator: OldDesignator=C3 NewDesignator=C2
Change Component Designator: OldDesignator=C4 NewDesignator=C3
Change Component Designator: OldDesignator=C5 NewDesignator=C4
Change Component Designator: OldDesignator=C6 NewDesignator=C8
Change Component Designator: OldDesignator=C7 NewDesignator=C9
Change Component Designator: OldDesignator=C8 NewDesignator=C10
Change Component Designator: OldDesignator=C9 NewDesignator=C6
Change Component Designator: OldDesignator=J2 NewDesignator=J4
Change Component Designator: OldDesignator=J? NewDesignator=J2
Change Component Designator: OldDesignator=J? NewDesignator=J3
Change Component Designator: OldDesignator=U2 NewDesignator=U3
Change Component Designator: OldDesignator=U3 NewDesignator=U5
Change Component Designator: OldDesignator=U? NewDesignator=U4
Added Component: Designator=C5(CAPACITOR 0603)
Added Component: Designator=D?(LED_5mm_YELLOW)
Added Component: Designator=D?(LED_5mm_RED)
Added Component: Designator=D?(LED_5mm_GREEN)
Added Component: Designator=R?(RESISTOR_PTH_9.5mm)
Added Component: Designator=R?(RESISTOR_PTH_9.5mm)
Added Component: Designator=R?(RESISTOR_PTH_9.5mm)
Added Component: Designator=U2(MODULE_LM2596)
Add component (AddParameter): Name = "ComponentLink1Description"; Value = "Datasheet"; VariantName = "[No Variations]"
Add component (AddParameter): Name = "ComponentLink1URL"; Value = "https://www.ti.com/lit/ds/symlink/lm2596.pdf"; VariantName = "[No Variations]"
Added Pin To Net: NetName=GND Pin=C5-1
Added Pin To Net: NetName=GND Pin=D?-2
Added Pin To Net: NetName=GND Pin=D?-2
Added Pin To Net: NetName=GND Pin=D?-2
Added Pin To Net: NetName=GND Pin=J1-2
Added Pin To Net: NetName=GND Pin=J1-3
Added Pin To Net: NetName=3.3V Pin=R1-2
Added Pin To Net: NetName=GND Pin=U2-1
Added Pin To Net: NetName=+12 Pin=U2-3
Added Pin To Net: NetName=GND Pin=U2-4
Added Pin To Net: NetName=GND Pin=U3-4
Change Net Name : Old Net Name=NetC3_2 New Net Name=NetC2_2
Change Net Name : Old Net Name=NetC4_2 New Net Name=NetC3_2
Change Net Name : Old Net Name=NetC5_2 New Net Name=NetC4_2
Added Pin To Net: NetName=9V Pin=C5-2
Added Pin To Net: NetName=9V Pin=U2-2
Added Net: Name=9V
Added Pin To Net: NetName=IN1 Pin=U4-3
Added Net: Name=IN1
Added Pin To Net: NetName=IN2 Pin=U4-4
Added Net: Name=IN2
Added Pin To Net: NetName=NetD?_1 Pin=D?-1
Added Pin To Net: NetName=NetD?_1 Pin=R?-2
Added Net: Name=NetD?_1
Add Net: Net with name "NetD?_1" already exists
Add Net: Net with name "NetD?_1" already exists
Added Pin To Net: NetName=NetJ3_1 Pin=J3-1
Added Pin To Net: NetName=NetJ3_1 Pin=U4-7
Added Net: Name=NetJ3_1
Added Pin To Net: NetName=NetJ3_2 Pin=J3-2
Added Pin To Net: NetName=NetJ3_2 Pin=U4-8
Added Net: Name=NetJ3_2
Added Pin To Net: NetName=NetLabel18 Pin=R?-1
Added Net: Name=NetLabel18
Added Pin To Net: NetName=NetLabel19 Pin=R?-1
Added Net: Name=NetLabel19
Added Pin To Net: NetName=NetLabel20 Pin=R?-1
Added Net: Name=NetLabel20
Added Pin To Net: NetName=NetLabel21 Pin=J4-1
Added Net: Name=NetLabel21
Added Pin To Net: NetName=NetLabel22 Pin=J4-2
Added Net: Name=NetLabel22
Added Pin To Net: NetName=NetLabel23 Pin=J4-3
Added Net: Name=NetLabel23
Added Pin To Net: NetName=NetLabel24 Pin=J4-4
Added Net: Name=NetLabel24
Added Pin To Net: NetName=NetLabel25 Pin=J2-2
Added Net: Name=NetLabel25
Added Pin To Net: NetName=NetLabel26 Pin=J2-3
Added Net: Name=NetLabel26
Added Pin To Net: NetName=NetLabel27 Pin=J2-4
Added Net: Name=NetLabel27
Added Pin To Net: NetName=NetLabel28 Pin=J2-5
Added Net: Name=NetLabel28
Added Member To Class: ClassName=Nguyen_Ly Member=Component C10 CAPACITOR 0603
Added Member To Class: ClassName=Nguyen_Ly Member=Component D? LED_5mm_YELLOW
Added Member To Class: ClassName=Nguyen_Ly Member=Component D? LED_5mm_RED
Added Member To Class: ClassName=Nguyen_Ly Member=Component D? LED_5mm_GREEN
Added Member To Class: ClassName=Nguyen_Ly Member=Component J4 LCD16x2 I2C
Added Member To Class: ClassName=Nguyen_Ly Member=Component R? RESISTOR_9.5mm
Added Member To Class: ClassName=Nguyen_Ly Member=Component R? RESISTOR_9.5mm
Added Member To Class: ClassName=Nguyen_Ly Member=Component R? RESISTOR_9.5mm
Added Member To Class: ClassName=Nguyen_Ly Member=Component U5 AMS1117
Added Rule: Name=Schematic Supply Nets_5
